The system is: Linux - 3.10.0-1160.11.1.el7.x86_64 - x86_64
Compiling the C compiler identification source file "CMakeCCompilerId.c" succeeded.
Compiler: /apps/gcc/8.4.0/bin/cc 
Build flags: 
Id flags:  

The output was:
0


Compilation of the C compiler identification source "CMakeCCompilerId.c" produced "a.out"

The C compiler identification is GNU, found in "/home/z5114830/Microelectronics Si (copy)/cmake-build-debug/CMakeFiles/3.17.3/CompilerIdC/a.out"

Compiling the CXX compiler identification source file "CMakeCXXCompilerId.cpp" succeeded.
Compiler: /apps/gcc/8.4.0/bin/c++ 
Build flags: 
Id flags:  

The output was:
0


Compilation of the CXX compiler identification source "CMakeCXXCompilerId.cpp" produced "a.out"

The CXX compiler identification is GNU, found in "/home/z5114830/Microelectronics Si (copy)/cmake-build-debug/CMakeFiles/3.17.3/CompilerIdCXX/a.out"

Determining if the C compiler works passed with the following output:
Change Dir: /home/z5114830/Microelectronics Si (copy)/cmake-build-debug/CMakeFiles/CMakeTmp

Run Build Command(s):/bin/gmake cmTC_16e47/fast && /bin/gmake  -f CMakeFiles/cmTC_16e47.dir/build.make CMakeFiles/cmTC_16e47.dir/build
gmake[1]: Entering directory `/home/z5114830/Microelectronics Si (copy)/cmake-build-debug/CMakeFiles/CMakeTmp'
Building C object CMakeFiles/cmTC_16e47.dir/testCCompiler.c.o
/apps/gcc/8.4.0/bin/cc    -o CMakeFiles/cmTC_16e47.dir/testCCompiler.c.o   -c "/home/z5114830/Microelectronics Si (copy)/cmake-build-debug/CMakeFiles/CMakeTmp/testCCompiler.c"
Linking C executable cmTC_16e47
/home/z5114830/clion-2020.2.1/bin/cmake/linux/bin/cmake -E cmake_link_script CMakeFiles/cmTC_16e47.dir/link.txt --verbose=1
/apps/gcc/8.4.0/bin/cc      -rdynamic CMakeFiles/cmTC_16e47.dir/testCCompiler.c.o  -o cmTC_16e47 
gmake[1]: Leaving directory `/home/z5114830/Microelectronics Si (copy)/cmake-build-debug/CMakeFiles/CMakeTmp'



Detecting C compiler ABI info compiled with the following output:
Change Dir: /home/z5114830/Microelectronics Si (copy)/cmake-build-debug/CMakeFiles/CMakeTmp

Run Build Command(s):/bin/gmake cmTC_f7c9f/fast && /bin/gmake  -f CMakeFiles/cmTC_f7c9f.dir/build.make CMakeFiles/cmTC_f7c9f.dir/build
gmake[1]: Entering directory `/home/z5114830/Microelectronics Si (copy)/cmake-build-debug/CMakeFiles/CMakeTmp'
Building C object CMakeFiles/cmTC_f7c9f.dir/CMakeCCompilerABI.c.o
/apps/gcc/8.4.0/bin/cc   -v -o CMakeFiles/cmTC_f7c9f.dir/CMakeCCompilerABI.c.o   -c /home/z5114830/clion-2020.2.1/bin/cmake/linux/share/cmake-3.17/Modules/CMakeCCompilerABI.c
Using built-in specs.
COLLECT_GCC=/apps/gcc/8.4.0/bin/cc
Target: x86_64-pc-linux-gnu
Configured with: ./configure --enable-lto --prefix=/apps/gcc/8.4.0
Thread model: posix
gcc version 8.4.0 (GCC) 
COLLECT_GCC_OPTIONS='-v' '-o' 'CMakeFiles/cmTC_f7c9f.dir/CMakeCCompilerABI.c.o' '-c' '-mtune=generic' '-march=x86-64'
 /apps/gcc/8.4.0/libexec/gcc/x86_64-pc-linux-gnu/8.4.0/cc1 -quiet -v /home/z5114830/clion-2020.2.1/bin/cmake/linux/share/cmake-3.17/Modules/CMakeCCompilerABI.c -quiet -dumpbase CMakeCCompilerABI.c -mtune=generic -march=x86-64 -auxbase-strip CMakeFiles/cmTC_f7c9f.dir/CMakeCCompilerABI.c.o -version -o /scratch/pbs.1084575.kman.restech.unsw.edu.au/cczn16WS.s
GNU C17 (GCC) version 8.4.0 (x86_64-pc-linux-gnu)
	compiled by GNU C version 8.4.0, GMP version 6.1.0, MPFR version 3.1.4, MPC version 1.0.3, isl version isl-0.18-GMP

GGC heuristics: --param ggc-min-expand=100 --param ggc-min-heapsize=131072
ignoring nonexistent directory "/apps/gcc/8.4.0/lib/gcc/x86_64-pc-linux-gnu/8.4.0/../../../../x86_64-pc-linux-gnu/include"
ignoring duplicate directory "/apps/gcc/8.4.0/include"
  as it is a non-system directory that duplicates a system directory
#include "..." search starts here:
#include <...> search starts here:
 /apps/geant4/10.6.2/include/Geant4
 /apps/geant4/10.6.2/include
 /apps/gcc/8.4.0/lib/gcc/x86_64-pc-linux-gnu/8.4.0/include
 /usr/local/include
 /apps/gcc/8.4.0/include
 /apps/gcc/8.4.0/lib/gcc/x86_64-pc-linux-gnu/8.4.0/include-fixed
 /usr/include
End of search list.
GNU C17 (GCC) version 8.4.0 (x86_64-pc-linux-gnu)
	compiled by GNU C version 8.4.0, GMP version 6.1.0, MPFR version 3.1.4, MPC version 1.0.3, isl version isl-0.18-GMP

GGC heuristics: --param ggc-min-expand=100 --param ggc-min-heapsize=131072
Compiler executable checksum: 1f9d65d2238fd0a3c238aa199d9761fe
COLLECT_GCC_OPTIONS='-v' '-o' 'CMakeFiles/cmTC_f7c9f.dir/CMakeCCompilerABI.c.o' '-c' '-mtune=generic' '-march=x86-64'
 as -v --64 -o CMakeFiles/cmTC_f7c9f.dir/CMakeCCompilerABI.c.o /scratch/pbs.1084575.kman.restech.unsw.edu.au/cczn16WS.s
GNU assembler version 2.27 (x86_64-redhat-linux) using BFD version version 2.27-43.base.el7_8.1
COMPILER_PATH=/apps/gcc/8.4.0/libexec/gcc/x86_64-pc-linux-gnu/8.4.0/:/apps/gcc/8.4.0/libexec/gcc/x86_64-pc-linux-gnu/8.4.0/:/apps/gcc/8.4.0/libexec/gcc/x86_64-pc-linux-gnu/:/apps/gcc/8.4.0/lib/gcc/x86_64-pc-linux-gnu/8.4.0/:/apps/gcc/8.4.0/lib/gcc/x86_64-pc-linux-gnu/
LIBRARY_PATH=/apps/geant4/10.6.2/lib64/../lib64/:/apps/gcc/8.4.0/lib/gcc/x86_64-pc-linux-gnu/8.4.0/:/apps/gcc/8.4.0/lib/gcc/x86_64-pc-linux-gnu/8.4.0/../../../../lib64/:/lib/../lib64/:/usr/lib/../lib64/:/apps/geant4/10.6.2/lib64/:/apps/gcc/8.4.0/lib/gcc/x86_64-pc-linux-gnu/8.4.0/../../../:/lib/:/usr/lib/
COLLECT_GCC_OPTIONS='-v' '-o' 'CMakeFiles/cmTC_f7c9f.dir/CMakeCCompilerABI.c.o' '-c' '-mtune=generic' '-march=x86-64'
Linking C executable cmTC_f7c9f
/home/z5114830/clion-2020.2.1/bin/cmake/linux/bin/cmake -E cmake_link_script CMakeFiles/cmTC_f7c9f.dir/link.txt --verbose=1
/apps/gcc/8.4.0/bin/cc     -v -rdynamic CMakeFiles/cmTC_f7c9f.dir/CMakeCCompilerABI.c.o  -o cmTC_f7c9f 
Using built-in specs.
COLLECT_GCC=/apps/gcc/8.4.0/bin/cc
COLLECT_LTO_WRAPPER=/apps/gcc/8.4.0/libexec/gcc/x86_64-pc-linux-gnu/8.4.0/lto-wrapper
Target: x86_64-pc-linux-gnu
Configured with: ./configure --enable-lto --prefix=/apps/gcc/8.4.0
Thread model: posix
gcc version 8.4.0 (GCC) 
COMPILER_PATH=/apps/gcc/8.4.0/libexec/gcc/x86_64-pc-linux-gnu/8.4.0/:/apps/gcc/8.4.0/libexec/gcc/x86_64-pc-linux-gnu/8.4.0/:/apps/gcc/8.4.0/libexec/gcc/x86_64-pc-linux-gnu/:/apps/gcc/8.4.0/lib/gcc/x86_64-pc-linux-gnu/8.4.0/:/apps/gcc/8.4.0/lib/gcc/x86_64-pc-linux-gnu/
LIBRARY_PATH=/apps/geant4/10.6.2/lib64/../lib64/:/apps/gcc/8.4.0/lib/gcc/x86_64-pc-linux-gnu/8.4.0/:/apps/gcc/8.4.0/lib/gcc/x86_64-pc-linux-gnu/8.4.0/../../../../lib64/:/lib/../lib64/:/usr/lib/../lib64/:/apps/geant4/10.6.2/lib64/:/apps/gcc/8.4.0/lib/gcc/x86_64-pc-linux-gnu/8.4.0/../../../:/lib/:/usr/lib/
COLLECT_GCC_OPTIONS='-v' '-rdynamic' '-o' 'cmTC_f7c9f' '-mtune=generic' '-march=x86-64'
 /apps/gcc/8.4.0/libexec/gcc/x86_64-pc-linux-gnu/8.4.0/collect2 -plugin /apps/gcc/8.4.0/libexec/gcc/x86_64-pc-linux-gnu/8.4.0/liblto_plugin.so -plugin-opt=/apps/gcc/8.4.0/libexec/gcc/x86_64-pc-linux-gnu/8.4.0/lto-wrapper -plugin-opt=-fresolution=/scratch/pbs.1084575.kman.restech.unsw.edu.au/ccQCKAF0.res -plugin-opt=-pass-through=-lgcc -plugin-opt=-pass-through=-lgcc_s -plugin-opt=-pass-through=-lc -plugin-opt=-pass-through=-lgcc -plugin-opt=-pass-through=-lgcc_s --eh-frame-hdr -m elf_x86_64 -export-dynamic -dynamic-linker /lib64/ld-linux-x86-64.so.2 -o cmTC_f7c9f /lib/../lib64/crt1.o /lib/../lib64/crti.o /apps/gcc/8.4.0/lib/gcc/x86_64-pc-linux-gnu/8.4.0/crtbegin.o -L/apps/geant4/10.6.2/lib64/../lib64 -L/apps/gcc/8.4.0/lib/gcc/x86_64-pc-linux-gnu/8.4.0 -L/apps/gcc/8.4.0/lib/gcc/x86_64-pc-linux-gnu/8.4.0/../../../../lib64 -L/lib/../lib64 -L/usr/lib/../lib64 -L/apps/geant4/10.6.2/lib64 -L/apps/gcc/8.4.0/lib/gcc/x86_64-pc-linux-gnu/8.4.0/../../.. CMakeFiles/cmTC_f7c9f.dir/CMakeCCompilerABI.c.o -lgcc --as-needed -lgcc_s --no-as-needed -lc -lgcc --as-needed -lgcc_s --no-as-needed /apps/gcc/8.4.0/lib/gcc/x86_64-pc-linux-gnu/8.4.0/crtend.o /lib/../lib64/crtn.o
COLLECT_GCC_OPTIONS='-v' '-rdynamic' '-o' 'cmTC_f7c9f' '-mtune=generic' '-march=x86-64'
gmake[1]: Leaving directory `/home/z5114830/Microelectronics Si (copy)/cmake-build-debug/CMakeFiles/CMakeTmp'



Parsed C implicit include dir info from above output: rv=done
  found start of include info
  found start of implicit include info
    add: [/apps/geant4/10.6.2/include/Geant4]
    add: [/apps/geant4/10.6.2/include]
    add: [/apps/gcc/8.4.0/lib/gcc/x86_64-pc-linux-gnu/8.4.0/include]
    add: [/usr/local/include]
    add: [/apps/gcc/8.4.0/include]
    add: [/apps/gcc/8.4.0/lib/gcc/x86_64-pc-linux-gnu/8.4.0/include-fixed]
    add: [/usr/include]
  end of search list found
  collapse include dir [/apps/geant4/10.6.2/include/Geant4] ==> [/apps/geant4/10.6.2/include/Geant4]
  collapse include dir [/apps/geant4/10.6.2/include] ==> [/apps/geant4/10.6.2/include]
  collapse include dir [/apps/gcc/8.4.0/lib/gcc/x86_64-pc-linux-gnu/8.4.0/include] ==> [/apps/gcc/8.4.0/lib/gcc/x86_64-pc-linux-gnu/8.4.0/include]
  collapse include dir [/usr/local/include] ==> [/usr/local/include]
  collapse include dir [/apps/gcc/8.4.0/include] ==> [/apps/gcc/8.4.0/include]
  collapse include dir [/apps/gcc/8.4.0/lib/gcc/x86_64-pc-linux-gnu/8.4.0/include-fixed] ==> [/apps/gcc/8.4.0/lib/gcc/x86_64-pc-linux-gnu/8.4.0/include-fixed]
  collapse include dir [/usr/include] ==> [/usr/include]
  implicit include dirs: [/apps/geant4/10.6.2/include/Geant4;/apps/geant4/10.6.2/include;/apps/gcc/8.4.0/lib/gcc/x86_64-pc-linux-gnu/8.4.0/include;/usr/local/include;/apps/gcc/8.4.0/include;/apps/gcc/8.4.0/lib/gcc/x86_64-pc-linux-gnu/8.4.0/include-fixed;/usr/include]


Parsed C implicit link information from above output:
  link line regex: [^( *|.*[/\])(ld|CMAKE_LINK_STARTFILE-NOTFOUND|([^/\]+-)?ld|collect2)[^/\]*( |$)]
  ignore line: [Change Dir: /home/z5114830/Microelectronics Si (copy)/cmake-build-debug/CMakeFiles/CMakeTmp]
  ignore line: []
  ignore line: [Run Build Command(s):/bin/gmake cmTC_f7c9f/fast && /bin/gmake  -f CMakeFiles/cmTC_f7c9f.dir/build.make CMakeFiles/cmTC_f7c9f.dir/build]
  ignore line: [gmake[1]: Entering directory `/home/z5114830/Microelectronics Si (copy)/cmake-build-debug/CMakeFiles/CMakeTmp']
  ignore line: [Building C object CMakeFiles/cmTC_f7c9f.dir/CMakeCCompilerABI.c.o]
  ignore line: [/apps/gcc/8.4.0/bin/cc   -v -o CMakeFiles/cmTC_f7c9f.dir/CMakeCCompilerABI.c.o   -c /home/z5114830/clion-2020.2.1/bin/cmake/linux/share/cmake-3.17/Modules/CMakeCCompilerABI.c]
  ignore line: [Using built-in specs.]
  ignore line: [COLLECT_GCC=/apps/gcc/8.4.0/bin/cc]
  ignore line: [Target: x86_64-pc-linux-gnu]
  ignore line: [Configured with: ./configure --enable-lto --prefix=/apps/gcc/8.4.0]
  ignore line: [Thread model: posix]
  ignore line: [gcc version 8.4.0 (GCC) ]
  ignore line: [COLLECT_GCC_OPTIONS='-v' '-o' 'CMakeFiles/cmTC_f7c9f.dir/CMakeCCompilerABI.c.o' '-c' '-mtune=generic' '-march=x86-64']
  ignore line: [ /apps/gcc/8.4.0/libexec/gcc/x86_64-pc-linux-gnu/8.4.0/cc1 -quiet -v /home/z5114830/clion-2020.2.1/bin/cmake/linux/share/cmake-3.17/Modules/CMakeCCompilerABI.c -quiet -dumpbase CMakeCCompilerABI.c -mtune=generic -march=x86-64 -auxbase-strip CMakeFiles/cmTC_f7c9f.dir/CMakeCCompilerABI.c.o -version -o /scratch/pbs.1084575.kman.restech.unsw.edu.au/cczn16WS.s]
  ignore line: [GNU C17 (GCC) version 8.4.0 (x86_64-pc-linux-gnu)]
  ignore line: [	compiled by GNU C version 8.4.0  GMP version 6.1.0  MPFR version 3.1.4  MPC version 1.0.3  isl version isl-0.18-GMP]
  ignore line: []
  ignore line: [GGC heuristics: --param ggc-min-expand=100 --param ggc-min-heapsize=131072]
  ignore line: [ignoring nonexistent directory "/apps/gcc/8.4.0/lib/gcc/x86_64-pc-linux-gnu/8.4.0/../../../../x86_64-pc-linux-gnu/include"]
  ignore line: [ignoring duplicate directory "/apps/gcc/8.4.0/include"]
  ignore line: [  as it is a non-system directory that duplicates a system directory]
  ignore line: [#include "..." search starts here:]
  ignore line: [#include <...> search starts here:]
  ignore line: [ /apps/geant4/10.6.2/include/Geant4]
  ignore line: [ /apps/geant4/10.6.2/include]
  ignore line: [ /apps/gcc/8.4.0/lib/gcc/x86_64-pc-linux-gnu/8.4.0/include]
  ignore line: [ /usr/local/include]
  ignore line: [ /apps/gcc/8.4.0/include]
  ignore line: [ /apps/gcc/8.4.0/lib/gcc/x86_64-pc-linux-gnu/8.4.0/include-fixed]
  ignore line: [ /usr/include]
  ignore line: [End of search list.]
  ignore line: [GNU C17 (GCC) version 8.4.0 (x86_64-pc-linux-gnu)]
  ignore line: [	compiled by GNU C version 8.4.0  GMP version 6.1.0  MPFR version 3.1.4  MPC version 1.0.3  isl version isl-0.18-GMP]
  ignore line: []
  ignore line: [GGC heuristics: --param ggc-min-expand=100 --param ggc-min-heapsize=131072]
  ignore line: [Compiler executable checksum: 1f9d65d2238fd0a3c238aa199d9761fe]
  ignore line: [COLLECT_GCC_OPTIONS='-v' '-o' 'CMakeFiles/cmTC_f7c9f.dir/CMakeCCompilerABI.c.o' '-c' '-mtune=generic' '-march=x86-64']
  ignore line: [ as -v --64 -o CMakeFiles/cmTC_f7c9f.dir/CMakeCCompilerABI.c.o /scratch/pbs.1084575.kman.restech.unsw.edu.au/cczn16WS.s]
  ignore line: [GNU assembler version 2.27 (x86_64-redhat-linux) using BFD version version 2.27-43.base.el7_8.1]
  ignore line: [COMPILER_PATH=/apps/gcc/8.4.0/libexec/gcc/x86_64-pc-linux-gnu/8.4.0/:/apps/gcc/8.4.0/libexec/gcc/x86_64-pc-linux-gnu/8.4.0/:/apps/gcc/8.4.0/libexec/gcc/x86_64-pc-linux-gnu/:/apps/gcc/8.4.0/lib/gcc/x86_64-pc-linux-gnu/8.4.0/:/apps/gcc/8.4.0/lib/gcc/x86_64-pc-linux-gnu/]
  ignore line: [LIBRARY_PATH=/apps/geant4/10.6.2/lib64/../lib64/:/apps/gcc/8.4.0/lib/gcc/x86_64-pc-linux-gnu/8.4.0/:/apps/gcc/8.4.0/lib/gcc/x86_64-pc-linux-gnu/8.4.0/../../../../lib64/:/lib/../lib64/:/usr/lib/../lib64/:/apps/geant4/10.6.2/lib64/:/apps/gcc/8.4.0/lib/gcc/x86_64-pc-linux-gnu/8.4.0/../../../:/lib/:/usr/lib/]
  ignore line: [COLLECT_GCC_OPTIONS='-v' '-o' 'CMakeFiles/cmTC_f7c9f.dir/CMakeCCompilerABI.c.o' '-c' '-mtune=generic' '-march=x86-64']
  ignore line: [Linking C executable cmTC_f7c9f]
  ignore line: [/home/z5114830/clion-2020.2.1/bin/cmake/linux/bin/cmake -E cmake_link_script CMakeFiles/cmTC_f7c9f.dir/link.txt --verbose=1]
  ignore line: [/apps/gcc/8.4.0/bin/cc     -v -rdynamic CMakeFiles/cmTC_f7c9f.dir/CMakeCCompilerABI.c.o  -o cmTC_f7c9f ]
  ignore line: [Using built-in specs.]
  ignore line: [COLLECT_GCC=/apps/gcc/8.4.0/bin/cc]
  ignore line: [COLLECT_LTO_WRAPPER=/apps/gcc/8.4.0/libexec/gcc/x86_64-pc-linux-gnu/8.4.0/lto-wrapper]
  ignore line: [Target: x86_64-pc-linux-gnu]
  ignore line: [Configured with: ./configure --enable-lto --prefix=/apps/gcc/8.4.0]
  ignore line: [Thread model: posix]
  ignore line: [gcc version 8.4.0 (GCC) ]
  ignore line: [COMPILER_PATH=/apps/gcc/8.4.0/libexec/gcc/x86_64-pc-linux-gnu/8.4.0/:/apps/gcc/8.4.0/libexec/gcc/x86_64-pc-linux-gnu/8.4.0/:/apps/gcc/8.4.0/libexec/gcc/x86_64-pc-linux-gnu/:/apps/gcc/8.4.0/lib/gcc/x86_64-pc-linux-gnu/8.4.0/:/apps/gcc/8.4.0/lib/gcc/x86_64-pc-linux-gnu/]
  ignore line: [LIBRARY_PATH=/apps/geant4/10.6.2/lib64/../lib64/:/apps/gcc/8.4.0/lib/gcc/x86_64-pc-linux-gnu/8.4.0/:/apps/gcc/8.4.0/lib/gcc/x86_64-pc-linux-gnu/8.4.0/../../../../lib64/:/lib/../lib64/:/usr/lib/../lib64/:/apps/geant4/10.6.2/lib64/:/apps/gcc/8.4.0/lib/gcc/x86_64-pc-linux-gnu/8.4.0/../../../:/lib/:/usr/lib/]
  ignore line: [COLLECT_GCC_OPTIONS='-v' '-rdynamic' '-o' 'cmTC_f7c9f' '-mtune=generic' '-march=x86-64']
  link line: [ /apps/gcc/8.4.0/libexec/gcc/x86_64-pc-linux-gnu/8.4.0/collect2 -plugin /apps/gcc/8.4.0/libexec/gcc/x86_64-pc-linux-gnu/8.4.0/liblto_plugin.so -plugin-opt=/apps/gcc/8.4.0/libexec/gcc/x86_64-pc-linux-gnu/8.4.0/lto-wrapper -plugin-opt=-fresolution=/scratch/pbs.1084575.kman.restech.unsw.edu.au/ccQCKAF0.res -plugin-opt=-pass-through=-lgcc -plugin-opt=-pass-through=-lgcc_s -plugin-opt=-pass-through=-lc -plugin-opt=-pass-through=-lgcc -plugin-opt=-pass-through=-lgcc_s --eh-frame-hdr -m elf_x86_64 -export-dynamic -dynamic-linker /lib64/ld-linux-x86-64.so.2 -o cmTC_f7c9f /lib/../lib64/crt1.o /lib/../lib64/crti.o /apps/gcc/8.4.0/lib/gcc/x86_64-pc-linux-gnu/8.4.0/crtbegin.o -L/apps/geant4/10.6.2/lib64/../lib64 -L/apps/gcc/8.4.0/lib/gcc/x86_64-pc-linux-gnu/8.4.0 -L/apps/gcc/8.4.0/lib/gcc/x86_64-pc-linux-gnu/8.4.0/../../../../lib64 -L/lib/../lib64 -L/usr/lib/../lib64 -L/apps/geant4/10.6.2/lib64 -L/apps/gcc/8.4.0/lib/gcc/x86_64-pc-linux-gnu/8.4.0/../../.. CMakeFiles/cmTC_f7c9f.dir/CMakeCCompilerABI.c.o -lgcc --as-needed -lgcc_s --no-as-needed -lc -lgcc --as-needed -lgcc_s --no-as-needed /apps/gcc/8.4.0/lib/gcc/x86_64-pc-linux-gnu/8.4.0/crtend.o /lib/../lib64/crtn.o]
    arg [/apps/gcc/8.4.0/libexec/gcc/x86_64-pc-linux-gnu/8.4.0/collect2] ==> ignore
    arg [-plugin] ==> ignore
    arg [/apps/gcc/8.4.0/libexec/gcc/x86_64-pc-linux-gnu/8.4.0/liblto_plugin.so] ==> ignore
    arg [-plugin-opt=/apps/gcc/8.4.0/libexec/gcc/x86_64-pc-linux-gnu/8.4.0/lto-wrapper] ==> ignore
    arg [-plugin-opt=-fresolution=/scratch/pbs.1084575.kman.restech.unsw.edu.au/ccQCKAF0.res] ==> ignore
    arg [-plugin-opt=-pass-through=-lgcc] ==> ignore
    arg [-plugin-opt=-pass-through=-lgcc_s] ==> ignore
    arg [-plugin-opt=-pass-through=-lc] ==> ignore
    arg [-plugin-opt=-pass-through=-lgcc] ==> ignore
    arg [-plugin-opt=-pass-through=-lgcc_s] ==> ignore
    arg [--eh-frame-hdr] ==> ignore
    arg [-m] ==> ignore
    arg [elf_x86_64] ==> ignore
    arg [-export-dynamic] ==> ignore
    arg [-dynamic-linker] ==> ignore
    arg [/lib64/ld-linux-x86-64.so.2] ==> ignore
    arg [-o] ==> ignore
    arg [cmTC_f7c9f] ==> ignore
    arg [/lib/../lib64/crt1.o] ==> ignore
    arg [/lib/../lib64/crti.o] ==> ignore
    arg [/apps/gcc/8.4.0/lib/gcc/x86_64-pc-linux-gnu/8.4.0/crtbegin.o] ==> ignore
    arg [-L/apps/geant4/10.6.2/lib64/../lib64] ==> dir [/apps/geant4/10.6.2/lib64/../lib64]
    arg [-L/apps/gcc/8.4.0/lib/gcc/x86_64-pc-linux-gnu/8.4.0] ==> dir [/apps/gcc/8.4.0/lib/gcc/x86_64-pc-linux-gnu/8.4.0]
    arg [-L/apps/gcc/8.4.0/lib/gcc/x86_64-pc-linux-gnu/8.4.0/../../../../lib64] ==> dir [/apps/gcc/8.4.0/lib/gcc/x86_64-pc-linux-gnu/8.4.0/../../../../lib64]
    arg [-L/lib/../lib64] ==> dir [/lib/../lib64]
    arg [-L/usr/lib/../lib64] ==> dir [/usr/lib/../lib64]
    arg [-L/apps/geant4/10.6.2/lib64] ==> dir [/apps/geant4/10.6.2/lib64]
    arg [-L/apps/gcc/8.4.0/lib/gcc/x86_64-pc-linux-gnu/8.4.0/../../..] ==> dir [/apps/gcc/8.4.0/lib/gcc/x86_64-pc-linux-gnu/8.4.0/../../..]
    arg [CMakeFiles/cmTC_f7c9f.dir/CMakeCCompilerABI.c.o] ==> ignore
    arg [-lgcc] ==> lib [gcc]
    arg [--as-needed] ==> ignore
    arg [-lgcc_s] ==> lib [gcc_s]
    arg [--no-as-needed] ==> ignore
    arg [-lc] ==> lib [c]
    arg [-lgcc] ==> lib [gcc]
    arg [--as-needed] ==> ignore
    arg [-lgcc_s] ==> lib [gcc_s]
    arg [--no-as-needed] ==> ignore
    arg [/apps/gcc/8.4.0/lib/gcc/x86_64-pc-linux-gnu/8.4.0/crtend.o] ==> ignore
    arg [/lib/../lib64/crtn.o] ==> ignore
  collapse library dir [/apps/geant4/10.6.2/lib64/../lib64] ==> [/apps/geant4/10.6.2/lib64]
  collapse library dir [/apps/gcc/8.4.0/lib/gcc/x86_64-pc-linux-gnu/8.4.0] ==> [/apps/gcc/8.4.0/lib/gcc/x86_64-pc-linux-gnu/8.4.0]
  collapse library dir [/apps/gcc/8.4.0/lib/gcc/x86_64-pc-linux-gnu/8.4.0/../../../../lib64] ==> [/apps/gcc/8.4.0/lib64]
  collapse library dir [/lib/../lib64] ==> [/lib64]
  collapse library dir [/usr/lib/../lib64] ==> [/usr/lib64]
  collapse library dir [/apps/geant4/10.6.2/lib64] ==> [/apps/geant4/10.6.2/lib64]
  collapse library dir [/apps/gcc/8.4.0/lib/gcc/x86_64-pc-linux-gnu/8.4.0/../../..] ==> [/apps/gcc/8.4.0/lib]
  implicit libs: [gcc;gcc_s;c;gcc;gcc_s]
  implicit dirs: [/apps/geant4/10.6.2/lib64;/apps/gcc/8.4.0/lib/gcc/x86_64-pc-linux-gnu/8.4.0;/apps/gcc/8.4.0/lib64;/lib64;/usr/lib64;/apps/gcc/8.4.0/lib]
  implicit fwks: []


Determining if the CXX compiler works passed with the following output:
Change Dir: /home/z5114830/Microelectronics Si (copy)/cmake-build-debug/CMakeFiles/CMakeTmp

Run Build Command(s):/bin/gmake cmTC_de1c0/fast && /bin/gmake  -f CMakeFiles/cmTC_de1c0.dir/build.make CMakeFiles/cmTC_de1c0.dir/build
gmake[1]: Entering directory `/home/z5114830/Microelectronics Si (copy)/cmake-build-debug/CMakeFiles/CMakeTmp'
Building CXX object CMakeFiles/cmTC_de1c0.dir/testCXXCompiler.cxx.o
/apps/gcc/8.4.0/bin/c++     -o CMakeFiles/cmTC_de1c0.dir/testCXXCompiler.cxx.o -c "/home/z5114830/Microelectronics Si (copy)/cmake-build-debug/CMakeFiles/CMakeTmp/testCXXCompiler.cxx"
Linking CXX executable cmTC_de1c0
/home/z5114830/clion-2020.2.1/bin/cmake/linux/bin/cmake -E cmake_link_script CMakeFiles/cmTC_de1c0.dir/link.txt --verbose=1
/apps/gcc/8.4.0/bin/c++       -rdynamic CMakeFiles/cmTC_de1c0.dir/testCXXCompiler.cxx.o  -o cmTC_de1c0 
gmake[1]: Leaving directory `/home/z5114830/Microelectronics Si (copy)/cmake-build-debug/CMakeFiles/CMakeTmp'



Detecting CXX compiler ABI info compiled with the following output:
Change Dir: /home/z5114830/Microelectronics Si (copy)/cmake-build-debug/CMakeFiles/CMakeTmp

Run Build Command(s):/bin/gmake cmTC_5f6b3/fast && /bin/gmake  -f CMakeFiles/cmTC_5f6b3.dir/build.make CMakeFiles/cmTC_5f6b3.dir/build
gmake[1]: Entering directory `/home/z5114830/Microelectronics Si (copy)/cmake-build-debug/CMakeFiles/CMakeTmp'
Building CXX object CMakeFiles/cmTC_5f6b3.dir/CMakeCXXCompilerABI.cpp.o
/apps/gcc/8.4.0/bin/c++    -v -o CMakeFiles/cmTC_5f6b3.dir/CMakeCXXCompilerABI.cpp.o -c /home/z5114830/clion-2020.2.1/bin/cmake/linux/share/cmake-3.17/Modules/CMakeCXXCompilerABI.cpp
Using built-in specs.
COLLECT_GCC=/apps/gcc/8.4.0/bin/c++
Target: x86_64-pc-linux-gnu
Configured with: ./configure --enable-lto --prefix=/apps/gcc/8.4.0
Thread model: posix
gcc version 8.4.0 (GCC) 
COLLECT_GCC_OPTIONS='-v' '-o' 'CMakeFiles/cmTC_5f6b3.dir/CMakeCXXCompilerABI.cpp.o' '-c' '-shared-libgcc' '-mtune=generic' '-march=x86-64'
 /apps/gcc/8.4.0/libexec/gcc/x86_64-pc-linux-gnu/8.4.0/cc1plus -quiet -v -D_GNU_SOURCE /home/z5114830/clion-2020.2.1/bin/cmake/linux/share/cmake-3.17/Modules/CMakeCXXCompilerABI.cpp -quiet -dumpbase CMakeCXXCompilerABI.cpp -mtune=generic -march=x86-64 -auxbase-strip CMakeFiles/cmTC_5f6b3.dir/CMakeCXXCompilerABI.cpp.o -version -o /scratch/pbs.1084575.kman.restech.unsw.edu.au/ccjMQuvO.s
GNU C++14 (GCC) version 8.4.0 (x86_64-pc-linux-gnu)
	compiled by GNU C version 8.4.0, GMP version 6.1.0, MPFR version 3.1.4, MPC version 1.0.3, isl version isl-0.18-GMP

GGC heuristics: --param ggc-min-expand=100 --param ggc-min-heapsize=131072
ignoring nonexistent directory "/apps/gcc/8.4.0/lib/gcc/x86_64-pc-linux-gnu/8.4.0/../../../../x86_64-pc-linux-gnu/include"
ignoring duplicate directory "/apps/gcc/8.4.0/include"
  as it is a non-system directory that duplicates a system directory
#include "..." search starts here:
#include <...> search starts here:
 /apps/geant4/10.6.2/include/Geant4
 /apps/geant4/10.6.2/include
 /apps/gcc/8.4.0/lib/gcc/x86_64-pc-linux-gnu/8.4.0/../../../../include/c++/8.4.0
 /apps/gcc/8.4.0/lib/gcc/x86_64-pc-linux-gnu/8.4.0/../../../../include/c++/8.4.0/x86_64-pc-linux-gnu
 /apps/gcc/8.4.0/lib/gcc/x86_64-pc-linux-gnu/8.4.0/../../../../include/c++/8.4.0/backward
 /apps/gcc/8.4.0/lib/gcc/x86_64-pc-linux-gnu/8.4.0/include
 /usr/local/include
 /apps/gcc/8.4.0/include
 /apps/gcc/8.4.0/lib/gcc/x86_64-pc-linux-gnu/8.4.0/include-fixed
 /usr/include
End of search list.
GNU C++14 (GCC) version 8.4.0 (x86_64-pc-linux-gnu)
	compiled by GNU C version 8.4.0, GMP version 6.1.0, MPFR version 3.1.4, MPC version 1.0.3, isl version isl-0.18-GMP

GGC heuristics: --param ggc-min-expand=100 --param ggc-min-heapsize=131072
Compiler executable checksum: ca3732a3bc54bff8415ce75019d19075
COLLECT_GCC_OPTIONS='-v' '-o' 'CMakeFiles/cmTC_5f6b3.dir/CMakeCXXCompilerABI.cpp.o' '-c' '-shared-libgcc' '-mtune=generic' '-march=x86-64'
 as -v --64 -o CMakeFiles/cmTC_5f6b3.dir/CMakeCXXCompilerABI.cpp.o /scratch/pbs.1084575.kman.restech.unsw.edu.au/ccjMQuvO.s
GNU assembler version 2.27 (x86_64-redhat-linux) using BFD version version 2.27-43.base.el7_8.1
COMPILER_PATH=/apps/gcc/8.4.0/libexec/gcc/x86_64-pc-linux-gnu/8.4.0/:/apps/gcc/8.4.0/libexec/gcc/x86_64-pc-linux-gnu/8.4.0/:/apps/gcc/8.4.0/libexec/gcc/x86_64-pc-linux-gnu/:/apps/gcc/8.4.0/lib/gcc/x86_64-pc-linux-gnu/8.4.0/:/apps/gcc/8.4.0/lib/gcc/x86_64-pc-linux-gnu/
LIBRARY_PATH=/apps/geant4/10.6.2/lib64/../lib64/:/apps/gcc/8.4.0/lib/gcc/x86_64-pc-linux-gnu/8.4.0/:/apps/gcc/8.4.0/lib/gcc/x86_64-pc-linux-gnu/8.4.0/../../../../lib64/:/lib/../lib64/:/usr/lib/../lib64/:/apps/geant4/10.6.2/lib64/:/apps/gcc/8.4.0/lib/gcc/x86_64-pc-linux-gnu/8.4.0/../../../:/lib/:/usr/lib/
COLLECT_GCC_OPTIONS='-v' '-o' 'CMakeFiles/cmTC_5f6b3.dir/CMakeCXXCompilerABI.cpp.o' '-c' '-shared-libgcc' '-mtune=generic' '-march=x86-64'
Linking CXX executable cmTC_5f6b3
/home/z5114830/clion-2020.2.1/bin/cmake/linux/bin/cmake -E cmake_link_script CMakeFiles/cmTC_5f6b3.dir/link.txt --verbose=1
/apps/gcc/8.4.0/bin/c++      -v -rdynamic CMakeFiles/cmTC_5f6b3.dir/CMakeCXXCompilerABI.cpp.o  -o cmTC_5f6b3 
Using built-in specs.
COLLECT_GCC=/apps/gcc/8.4.0/bin/c++
COLLECT_LTO_WRAPPER=/apps/gcc/8.4.0/libexec/gcc/x86_64-pc-linux-gnu/8.4.0/lto-wrapper
Target: x86_64-pc-linux-gnu
Configured with: ./configure --enable-lto --prefix=/apps/gcc/8.4.0
Thread model: posix
gcc version 8.4.0 (GCC) 
COMPILER_PATH=/apps/gcc/8.4.0/libexec/gcc/x86_64-pc-linux-gnu/8.4.0/:/apps/gcc/8.4.0/libexec/gcc/x86_64-pc-linux-gnu/8.4.0/:/apps/gcc/8.4.0/libexec/gcc/x86_64-pc-linux-gnu/:/apps/gcc/8.4.0/lib/gcc/x86_64-pc-linux-gnu/8.4.0/:/apps/gcc/8.4.0/lib/gcc/x86_64-pc-linux-gnu/
LIBRARY_PATH=/apps/geant4/10.6.2/lib64/../lib64/:/apps/gcc/8.4.0/lib/gcc/x86_64-pc-linux-gnu/8.4.0/:/apps/gcc/8.4.0/lib/gcc/x86_64-pc-linux-gnu/8.4.0/../../../../lib64/:/lib/../lib64/:/usr/lib/../lib64/:/apps/geant4/10.6.2/lib64/:/apps/gcc/8.4.0/lib/gcc/x86_64-pc-linux-gnu/8.4.0/../../../:/lib/:/usr/lib/
COLLECT_GCC_OPTIONS='-v' '-rdynamic' '-o' 'cmTC_5f6b3' '-shared-libgcc' '-mtune=generic' '-march=x86-64'
 /apps/gcc/8.4.0/libexec/gcc/x86_64-pc-linux-gnu/8.4.0/collect2 -plugin /apps/gcc/8.4.0/libexec/gcc/x86_64-pc-linux-gnu/8.4.0/liblto_plugin.so -plugin-opt=/apps/gcc/8.4.0/libexec/gcc/x86_64-pc-linux-gnu/8.4.0/lto-wrapper -plugin-opt=-fresolution=/scratch/pbs.1084575.kman.restech.unsw.edu.au/ccCvWs2S.res -plugin-opt=-pass-through=-lgcc_s -plugin-opt=-pass-through=-lgcc -plugin-opt=-pass-through=-lc -plugin-opt=-pass-through=-lgcc_s -plugin-opt=-pass-through=-lgcc --eh-frame-hdr -m elf_x86_64 -export-dynamic -dynamic-linker /lib64/ld-linux-x86-64.so.2 -o cmTC_5f6b3 /lib/../lib64/crt1.o /lib/../lib64/crti.o /apps/gcc/8.4.0/lib/gcc/x86_64-pc-linux-gnu/8.4.0/crtbegin.o -L/apps/geant4/10.6.2/lib64/../lib64 -L/apps/gcc/8.4.0/lib/gcc/x86_64-pc-linux-gnu/8.4.0 -L/apps/gcc/8.4.0/lib/gcc/x86_64-pc-linux-gnu/8.4.0/../../../../lib64 -L/lib/../lib64 -L/usr/lib/../lib64 -L/apps/geant4/10.6.2/lib64 -L/apps/gcc/8.4.0/lib/gcc/x86_64-pc-linux-gnu/8.4.0/../../.. CMakeFiles/cmTC_5f6b3.dir/CMakeCXXCompilerABI.cpp.o -lstdc++ -lm -lgcc_s -lgcc -lc -lgcc_s -lgcc /apps/gcc/8.4.0/lib/gcc/x86_64-pc-linux-gnu/8.4.0/crtend.o /lib/../lib64/crtn.o
COLLECT_GCC_OPTIONS='-v' '-rdynamic' '-o' 'cmTC_5f6b3' '-shared-libgcc' '-mtune=generic' '-march=x86-64'
gmake[1]: Leaving directory `/home/z5114830/Microelectronics Si (copy)/cmake-build-debug/CMakeFiles/CMakeTmp'



Parsed CXX implicit include dir info from above output: rv=done
  found start of include info
  found start of implicit include info
    add: [/apps/geant4/10.6.2/include/Geant4]
    add: [/apps/geant4/10.6.2/include]
    add: [/apps/gcc/8.4.0/lib/gcc/x86_64-pc-linux-gnu/8.4.0/../../../../include/c++/8.4.0]
    add: [/apps/gcc/8.4.0/lib/gcc/x86_64-pc-linux-gnu/8.4.0/../../../../include/c++/8.4.0/x86_64-pc-linux-gnu]
    add: [/apps/gcc/8.4.0/lib/gcc/x86_64-pc-linux-gnu/8.4.0/../../../../include/c++/8.4.0/backward]
    add: [/apps/gcc/8.4.0/lib/gcc/x86_64-pc-linux-gnu/8.4.0/include]
    add: [/usr/local/include]
    add: [/apps/gcc/8.4.0/include]
    add: [/apps/gcc/8.4.0/lib/gcc/x86_64-pc-linux-gnu/8.4.0/include-fixed]
    add: [/usr/include]
  end of search list found
  collapse include dir [/apps/geant4/10.6.2/include/Geant4] ==> [/apps/geant4/10.6.2/include/Geant4]
  collapse include dir [/apps/geant4/10.6.2/include] ==> [/apps/geant4/10.6.2/include]
  collapse include dir [/apps/gcc/8.4.0/lib/gcc/x86_64-pc-linux-gnu/8.4.0/../../../../include/c++/8.4.0] ==> [/apps/gcc/8.4.0/include/c++/8.4.0]
  collapse include dir [/apps/gcc/8.4.0/lib/gcc/x86_64-pc-linux-gnu/8.4.0/../../../../include/c++/8.4.0/x86_64-pc-linux-gnu] ==> [/apps/gcc/8.4.0/include/c++/8.4.0/x86_64-pc-linux-gnu]
  collapse include dir [/apps/gcc/8.4.0/lib/gcc/x86_64-pc-linux-gnu/8.4.0/../../../../include/c++/8.4.0/backward] ==> [/apps/gcc/8.4.0/include/c++/8.4.0/backward]
  collapse include dir [/apps/gcc/8.4.0/lib/gcc/x86_64-pc-linux-gnu/8.4.0/include] ==> [/apps/gcc/8.4.0/lib/gcc/x86_64-pc-linux-gnu/8.4.0/include]
  collapse include dir [/usr/local/include] ==> [/usr/local/include]
  collapse include dir [/apps/gcc/8.4.0/include] ==> [/apps/gcc/8.4.0/include]
  collapse include dir [/apps/gcc/8.4.0/lib/gcc/x86_64-pc-linux-gnu/8.4.0/include-fixed] ==> [/apps/gcc/8.4.0/lib/gcc/x86_64-pc-linux-gnu/8.4.0/include-fixed]
  collapse include dir [/usr/include] ==> [/usr/include]
  implicit include dirs: [/apps/geant4/10.6.2/include/Geant4;/apps/geant4/10.6.2/include;/apps/gcc/8.4.0/include/c++/8.4.0;/apps/gcc/8.4.0/include/c++/8.4.0/x86_64-pc-linux-gnu;/apps/gcc/8.4.0/include/c++/8.4.0/backward;/apps/gcc/8.4.0/lib/gcc/x86_64-pc-linux-gnu/8.4.0/include;/usr/local/include;/apps/gcc/8.4.0/include;/apps/gcc/8.4.0/lib/gcc/x86_64-pc-linux-gnu/8.4.0/include-fixed;/usr/include]


Parsed CXX implicit link information from above output:
  link line regex: [^( *|.*[/\])(ld|CMAKE_LINK_STARTFILE-NOTFOUND|([^/\]+-)?ld|collect2)[^/\]*( |$)]
  ignore line: [Change Dir: /home/z5114830/Microelectronics Si (copy)/cmake-build-debug/CMakeFiles/CMakeTmp]
  ignore line: []
  ignore line: [Run Build Command(s):/bin/gmake cmTC_5f6b3/fast && /bin/gmake  -f CMakeFiles/cmTC_5f6b3.dir/build.make CMakeFiles/cmTC_5f6b3.dir/build]
  ignore line: [gmake[1]: Entering directory `/home/z5114830/Microelectronics Si (copy)/cmake-build-debug/CMakeFiles/CMakeTmp']
  ignore line: [Building CXX object CMakeFiles/cmTC_5f6b3.dir/CMakeCXXCompilerABI.cpp.o]
  ignore line: [/apps/gcc/8.4.0/bin/c++    -v -o CMakeFiles/cmTC_5f6b3.dir/CMakeCXXCompilerABI.cpp.o -c /home/z5114830/clion-2020.2.1/bin/cmake/linux/share/cmake-3.17/Modules/CMakeCXXCompilerABI.cpp]
  ignore line: [Using built-in specs.]
  ignore line: [COLLECT_GCC=/apps/gcc/8.4.0/bin/c++]
  ignore line: [Target: x86_64-pc-linux-gnu]
  ignore line: [Configured with: ./configure --enable-lto --prefix=/apps/gcc/8.4.0]
  ignore line: [Thread model: posix]
  ignore line: [gcc version 8.4.0 (GCC) ]
  ignore line: [COLLECT_GCC_OPTIONS='-v' '-o' 'CMakeFiles/cmTC_5f6b3.dir/CMakeCXXCompilerABI.cpp.o' '-c' '-shared-libgcc' '-mtune=generic' '-march=x86-64']
  ignore line: [ /apps/gcc/8.4.0/libexec/gcc/x86_64-pc-linux-gnu/8.4.0/cc1plus -quiet -v -D_GNU_SOURCE /home/z5114830/clion-2020.2.1/bin/cmake/linux/share/cmake-3.17/Modules/CMakeCXXCompilerABI.cpp -quiet -dumpbase CMakeCXXCompilerABI.cpp -mtune=generic -march=x86-64 -auxbase-strip CMakeFiles/cmTC_5f6b3.dir/CMakeCXXCompilerABI.cpp.o -version -o /scratch/pbs.1084575.kman.restech.unsw.edu.au/ccjMQuvO.s]
  ignore line: [GNU C++14 (GCC) version 8.4.0 (x86_64-pc-linux-gnu)]
  ignore line: [	compiled by GNU C version 8.4.0  GMP version 6.1.0  MPFR version 3.1.4  MPC version 1.0.3  isl version isl-0.18-GMP]
  ignore line: []
  ignore line: [GGC heuristics: --param ggc-min-expand=100 --param ggc-min-heapsize=131072]
  ignore line: [ignoring nonexistent directory "/apps/gcc/8.4.0/lib/gcc/x86_64-pc-linux-gnu/8.4.0/../../../../x86_64-pc-linux-gnu/include"]
  ignore line: [ignoring duplicate directory "/apps/gcc/8.4.0/include"]
  ignore line: [  as it is a non-system directory that duplicates a system directory]
  ignore line: [#include "..." search starts here:]
  ignore line: [#include <...> search starts here:]
  ignore line: [ /apps/geant4/10.6.2/include/Geant4]
  ignore line: [ /apps/geant4/10.6.2/include]
  ignore line: [ /apps/gcc/8.4.0/lib/gcc/x86_64-pc-linux-gnu/8.4.0/../../../../include/c++/8.4.0]
  ignore line: [ /apps/gcc/8.4.0/lib/gcc/x86_64-pc-linux-gnu/8.4.0/../../../../include/c++/8.4.0/x86_64-pc-linux-gnu]
  ignore line: [ /apps/gcc/8.4.0/lib/gcc/x86_64-pc-linux-gnu/8.4.0/../../../../include/c++/8.4.0/backward]
  ignore line: [ /apps/gcc/8.4.0/lib/gcc/x86_64-pc-linux-gnu/8.4.0/include]
  ignore line: [ /usr/local/include]
  ignore line: [ /apps/gcc/8.4.0/include]
  ignore line: [ /apps/gcc/8.4.0/lib/gcc/x86_64-pc-linux-gnu/8.4.0/include-fixed]
  ignore line: [ /usr/include]
  ignore line: [End of search list.]
  ignore line: [GNU C++14 (GCC) version 8.4.0 (x86_64-pc-linux-gnu)]
  ignore line: [	compiled by GNU C version 8.4.0  GMP version 6.1.0  MPFR version 3.1.4  MPC version 1.0.3  isl version isl-0.18-GMP]
  ignore line: []
  ignore line: [GGC heuristics: --param ggc-min-expand=100 --param ggc-min-heapsize=131072]
  ignore line: [Compiler executable checksum: ca3732a3bc54bff8415ce75019d19075]
  ignore line: [COLLECT_GCC_OPTIONS='-v' '-o' 'CMakeFiles/cmTC_5f6b3.dir/CMakeCXXCompilerABI.cpp.o' '-c' '-shared-libgcc' '-mtune=generic' '-march=x86-64']
  ignore line: [ as -v --64 -o CMakeFiles/cmTC_5f6b3.dir/CMakeCXXCompilerABI.cpp.o /scratch/pbs.1084575.kman.restech.unsw.edu.au/ccjMQuvO.s]
  ignore line: [GNU assembler version 2.27 (x86_64-redhat-linux) using BFD version version 2.27-43.base.el7_8.1]
  ignore line: [COMPILER_PATH=/apps/gcc/8.4.0/libexec/gcc/x86_64-pc-linux-gnu/8.4.0/:/apps/gcc/8.4.0/libexec/gcc/x86_64-pc-linux-gnu/8.4.0/:/apps/gcc/8.4.0/libexec/gcc/x86_64-pc-linux-gnu/:/apps/gcc/8.4.0/lib/gcc/x86_64-pc-linux-gnu/8.4.0/:/apps/gcc/8.4.0/lib/gcc/x86_64-pc-linux-gnu/]
  ignore line: [LIBRARY_PATH=/apps/geant4/10.6.2/lib64/../lib64/:/apps/gcc/8.4.0/lib/gcc/x86_64-pc-linux-gnu/8.4.0/:/apps/gcc/8.4.0/lib/gcc/x86_64-pc-linux-gnu/8.4.0/../../../../lib64/:/lib/../lib64/:/usr/lib/../lib64/:/apps/geant4/10.6.2/lib64/:/apps/gcc/8.4.0/lib/gcc/x86_64-pc-linux-gnu/8.4.0/../../../:/lib/:/usr/lib/]
  ignore line: [COLLECT_GCC_OPTIONS='-v' '-o' 'CMakeFiles/cmTC_5f6b3.dir/CMakeCXXCompilerABI.cpp.o' '-c' '-shared-libgcc' '-mtune=generic' '-march=x86-64']
  ignore line: [Linking CXX executable cmTC_5f6b3]
  ignore line: [/home/z5114830/clion-2020.2.1/bin/cmake/linux/bin/cmake -E cmake_link_script CMakeFiles/cmTC_5f6b3.dir/link.txt --verbose=1]
  ignore line: [/apps/gcc/8.4.0/bin/c++      -v -rdynamic CMakeFiles/cmTC_5f6b3.dir/CMakeCXXCompilerABI.cpp.o  -o cmTC_5f6b3 ]
  ignore line: [Using built-in specs.]
  ignore line: [COLLECT_GCC=/apps/gcc/8.4.0/bin/c++]
  ignore line: [COLLECT_LTO_WRAPPER=/apps/gcc/8.4.0/libexec/gcc/x86_64-pc-linux-gnu/8.4.0/lto-wrapper]
  ignore line: [Target: x86_64-pc-linux-gnu]
  ignore line: [Configured with: ./configure --enable-lto --prefix=/apps/gcc/8.4.0]
  ignore line: [Thread model: posix]
  ignore line: [gcc version 8.4.0 (GCC) ]
  ignore line: [COMPILER_PATH=/apps/gcc/8.4.0/libexec/gcc/x86_64-pc-linux-gnu/8.4.0/:/apps/gcc/8.4.0/libexec/gcc/x86_64-pc-linux-gnu/8.4.0/:/apps/gcc/8.4.0/libexec/gcc/x86_64-pc-linux-gnu/:/apps/gcc/8.4.0/lib/gcc/x86_64-pc-linux-gnu/8.4.0/:/apps/gcc/8.4.0/lib/gcc/x86_64-pc-linux-gnu/]
  ignore line: [LIBRARY_PATH=/apps/geant4/10.6.2/lib64/../lib64/:/apps/gcc/8.4.0/lib/gcc/x86_64-pc-linux-gnu/8.4.0/:/apps/gcc/8.4.0/lib/gcc/x86_64-pc-linux-gnu/8.4.0/../../../../lib64/:/lib/../lib64/:/usr/lib/../lib64/:/apps/geant4/10.6.2/lib64/:/apps/gcc/8.4.0/lib/gcc/x86_64-pc-linux-gnu/8.4.0/../../../:/lib/:/usr/lib/]
  ignore line: [COLLECT_GCC_OPTIONS='-v' '-rdynamic' '-o' 'cmTC_5f6b3' '-shared-libgcc' '-mtune=generic' '-march=x86-64']
  link line: [ /apps/gcc/8.4.0/libexec/gcc/x86_64-pc-linux-gnu/8.4.0/collect2 -plugin /apps/gcc/8.4.0/libexec/gcc/x86_64-pc-linux-gnu/8.4.0/liblto_plugin.so -plugin-opt=/apps/gcc/8.4.0/libexec/gcc/x86_64-pc-linux-gnu/8.4.0/lto-wrapper -plugin-opt=-fresolution=/scratch/pbs.1084575.kman.restech.unsw.edu.au/ccCvWs2S.res -plugin-opt=-pass-through=-lgcc_s -plugin-opt=-pass-through=-lgcc -plugin-opt=-pass-through=-lc -plugin-opt=-pass-through=-lgcc_s -plugin-opt=-pass-through=-lgcc --eh-frame-hdr -m elf_x86_64 -export-dynamic -dynamic-linker /lib64/ld-linux-x86-64.so.2 -o cmTC_5f6b3 /lib/../lib64/crt1.o /lib/../lib64/crti.o /apps/gcc/8.4.0/lib/gcc/x86_64-pc-linux-gnu/8.4.0/crtbegin.o -L/apps/geant4/10.6.2/lib64/../lib64 -L/apps/gcc/8.4.0/lib/gcc/x86_64-pc-linux-gnu/8.4.0 -L/apps/gcc/8.4.0/lib/gcc/x86_64-pc-linux-gnu/8.4.0/../../../../lib64 -L/lib/../lib64 -L/usr/lib/../lib64 -L/apps/geant4/10.6.2/lib64 -L/apps/gcc/8.4.0/lib/gcc/x86_64-pc-linux-gnu/8.4.0/../../.. CMakeFiles/cmTC_5f6b3.dir/CMakeCXXCompilerABI.cpp.o -lstdc++ -lm -lgcc_s -lgcc -lc -lgcc_s -lgcc /apps/gcc/8.4.0/lib/gcc/x86_64-pc-linux-gnu/8.4.0/crtend.o /lib/../lib64/crtn.o]
    arg [/apps/gcc/8.4.0/libexec/gcc/x86_64-pc-linux-gnu/8.4.0/collect2] ==> ignore
    arg [-plugin] ==> ignore
    arg [/apps/gcc/8.4.0/libexec/gcc/x86_64-pc-linux-gnu/8.4.0/liblto_plugin.so] ==> ignore
    arg [-plugin-opt=/apps/gcc/8.4.0/libexec/gcc/x86_64-pc-linux-gnu/8.4.0/lto-wrapper] ==> ignore
    arg [-plugin-opt=-fresolution=/scratch/pbs.1084575.kman.restech.unsw.edu.au/ccCvWs2S.res] ==> ignore
    arg [-plugin-opt=-pass-through=-lgcc_s] ==> ignore
    arg [-plugin-opt=-pass-through=-lgcc] ==> ignore
    arg [-plugin-opt=-pass-through=-lc] ==> ignore
    arg [-plugin-opt=-pass-through=-lgcc_s] ==> ignore
    arg [-plugin-opt=-pass-through=-lgcc] ==> ignore
    arg [--eh-frame-hdr] ==> ignore
    arg [-m] ==> ignore
    arg [elf_x86_64] ==> ignore
    arg [-export-dynamic] ==> ignore
    arg [-dynamic-linker] ==> ignore
    arg [/lib64/ld-linux-x86-64.so.2] ==> ignore
    arg [-o] ==> ignore
    arg [cmTC_5f6b3] ==> ignore
    arg [/lib/../lib64/crt1.o] ==> ignore
    arg [/lib/../lib64/crti.o] ==> ignore
    arg [/apps/gcc/8.4.0/lib/gcc/x86_64-pc-linux-gnu/8.4.0/crtbegin.o] ==> ignore
    arg [-L/apps/geant4/10.6.2/lib64/../lib64] ==> dir [/apps/geant4/10.6.2/lib64/../lib64]
    arg [-L/apps/gcc/8.4.0/lib/gcc/x86_64-pc-linux-gnu/8.4.0] ==> dir [/apps/gcc/8.4.0/lib/gcc/x86_64-pc-linux-gnu/8.4.0]
    arg [-L/apps/gcc/8.4.0/lib/gcc/x86_64-pc-linux-gnu/8.4.0/../../../../lib64] ==> dir [/apps/gcc/8.4.0/lib/gcc/x86_64-pc-linux-gnu/8.4.0/../../../../lib64]
    arg [-L/lib/../lib64] ==> dir [/lib/../lib64]
    arg [-L/usr/lib/../lib64] ==> dir [/usr/lib/../lib64]
    arg [-L/apps/geant4/10.6.2/lib64] ==> dir [/apps/geant4/10.6.2/lib64]
    arg [-L/apps/gcc/8.4.0/lib/gcc/x86_64-pc-linux-gnu/8.4.0/../../..] ==> dir [/apps/gcc/8.4.0/lib/gcc/x86_64-pc-linux-gnu/8.4.0/../../..]
    arg [CMakeFiles/cmTC_5f6b3.dir/CMakeCXXCompilerABI.cpp.o] ==> ignore
    arg [-lstdc++] ==> lib [stdc++]
    arg [-lm] ==> lib [m]
    arg [-lgcc_s] ==> lib [gcc_s]
    arg [-lgcc] ==> lib [gcc]
    arg [-lc] ==> lib [c]
    arg [-lgcc_s] ==> lib [gcc_s]
    arg [-lgcc] ==> lib [gcc]
    arg [/apps/gcc/8.4.0/lib/gcc/x86_64-pc-linux-gnu/8.4.0/crtend.o] ==> ignore
    arg [/lib/../lib64/crtn.o] ==> ignore
  collapse library dir [/apps/geant4/10.6.2/lib64/../lib64] ==> [/apps/geant4/10.6.2/lib64]
  collapse library dir [/apps/gcc/8.4.0/lib/gcc/x86_64-pc-linux-gnu/8.4.0] ==> [/apps/gcc/8.4.0/lib/gcc/x86_64-pc-linux-gnu/8.4.0]
  collapse library dir [/apps/gcc/8.4.0/lib/gcc/x86_64-pc-linux-gnu/8.4.0/../../../../lib64] ==> [/apps/gcc/8.4.0/lib64]
  collapse library dir [/lib/../lib64] ==> [/lib64]
  collapse library dir [/usr/lib/../lib64] ==> [/usr/lib64]
  collapse library dir [/apps/geant4/10.6.2/lib64] ==> [/apps/geant4/10.6.2/lib64]
  collapse library dir [/apps/gcc/8.4.0/lib/gcc/x86_64-pc-linux-gnu/8.4.0/../../..] ==> [/apps/gcc/8.4.0/lib]
  implicit libs: [stdc++;m;gcc_s;gcc;c;gcc_s;gcc]
  implicit dirs: [/apps/geant4/10.6.2/lib64;/apps/gcc/8.4.0/lib/gcc/x86_64-pc-linux-gnu/8.4.0;/apps/gcc/8.4.0/lib64;/lib64;/usr/lib64;/apps/gcc/8.4.0/lib]
  implicit fwks: []


Determining if the function XOpenDisplay exists in the /usr/lib64/libX11.so;/usr/lib64/libXext.so passed with the following output:
Change Dir: /home/z5114830/Microelectronics Si (copy)/cmake-build-debug/CMakeFiles/CMakeTmp

Run Build Command(s):/bin/gmake cmTC_04114/fast && /bin/gmake  -f CMakeFiles/cmTC_04114.dir/build.make CMakeFiles/cmTC_04114.dir/build
gmake[1]: Entering directory `/home/z5114830/Microelectronics Si (copy)/cmake-build-debug/CMakeFiles/CMakeTmp'
Building C object CMakeFiles/cmTC_04114.dir/CheckFunctionExists.c.o
/apps/gcc/8.4.0/bin/cc   -DCHECK_FUNCTION_EXISTS=XOpenDisplay   -o CMakeFiles/cmTC_04114.dir/CheckFunctionExists.c.o   -c /home/z5114830/clion-2020.2.1/bin/cmake/linux/share/cmake-3.17/Modules/CheckFunctionExists.c
Linking C executable cmTC_04114
/home/z5114830/clion-2020.2.1/bin/cmake/linux/bin/cmake -E cmake_link_script CMakeFiles/cmTC_04114.dir/link.txt --verbose=1
/apps/gcc/8.4.0/bin/cc  -DCHECK_FUNCTION_EXISTS=XOpenDisplay    CMakeFiles/cmTC_04114.dir/CheckFunctionExists.c.o  -o cmTC_04114  /usr/lib64/libX11.so /usr/lib64/libXext.so 
gmake[1]: Leaving directory `/home/z5114830/Microelectronics Si (copy)/cmake-build-debug/CMakeFiles/CMakeTmp'



Determining if the function gethostbyname exists passed with the following output:
Change Dir: /home/z5114830/Microelectronics Si (copy)/cmake-build-debug/CMakeFiles/CMakeTmp

Run Build Command(s):/bin/gmake cmTC_550b5/fast && /bin/gmake  -f CMakeFiles/cmTC_550b5.dir/build.make CMakeFiles/cmTC_550b5.dir/build
gmake[1]: Entering directory `/home/z5114830/Microelectronics Si (copy)/cmake-build-debug/CMakeFiles/CMakeTmp'
Building C object CMakeFiles/cmTC_550b5.dir/CheckFunctionExists.c.o
/apps/gcc/8.4.0/bin/cc   -DCHECK_FUNCTION_EXISTS=gethostbyname   -o CMakeFiles/cmTC_550b5.dir/CheckFunctionExists.c.o   -c /home/z5114830/clion-2020.2.1/bin/cmake/linux/share/cmake-3.17/Modules/CheckFunctionExists.c
Linking C executable cmTC_550b5
/home/z5114830/clion-2020.2.1/bin/cmake/linux/bin/cmake -E cmake_link_script CMakeFiles/cmTC_550b5.dir/link.txt --verbose=1
/apps/gcc/8.4.0/bin/cc  -DCHECK_FUNCTION_EXISTS=gethostbyname    CMakeFiles/cmTC_550b5.dir/CheckFunctionExists.c.o  -o cmTC_550b5 
gmake[1]: Leaving directory `/home/z5114830/Microelectronics Si (copy)/cmake-build-debug/CMakeFiles/CMakeTmp'



Determining if the function connect exists passed with the following output:
Change Dir: /home/z5114830/Microelectronics Si (copy)/cmake-build-debug/CMakeFiles/CMakeTmp

Run Build Command(s):/bin/gmake cmTC_c052f/fast && /bin/gmake  -f CMakeFiles/cmTC_c052f.dir/build.make CMakeFiles/cmTC_c052f.dir/build
gmake[1]: Entering directory `/home/z5114830/Microelectronics Si (copy)/cmake-build-debug/CMakeFiles/CMakeTmp'
Building C object CMakeFiles/cmTC_c052f.dir/CheckFunctionExists.c.o
/apps/gcc/8.4.0/bin/cc   -DCHECK_FUNCTION_EXISTS=connect   -o CMakeFiles/cmTC_c052f.dir/CheckFunctionExists.c.o   -c /home/z5114830/clion-2020.2.1/bin/cmake/linux/share/cmake-3.17/Modules/CheckFunctionExists.c
Linking C executable cmTC_c052f
/home/z5114830/clion-2020.2.1/bin/cmake/linux/bin/cmake -E cmake_link_script CMakeFiles/cmTC_c052f.dir/link.txt --verbose=1
/apps/gcc/8.4.0/bin/cc  -DCHECK_FUNCTION_EXISTS=connect    CMakeFiles/cmTC_c052f.dir/CheckFunctionExists.c.o  -o cmTC_c052f 
gmake[1]: Leaving directory `/home/z5114830/Microelectronics Si (copy)/cmake-build-debug/CMakeFiles/CMakeTmp'



Determining if the function remove exists passed with the following output:
Change Dir: /home/z5114830/Microelectronics Si (copy)/cmake-build-debug/CMakeFiles/CMakeTmp

Run Build Command(s):/bin/gmake cmTC_409cd/fast && /bin/gmake  -f CMakeFiles/cmTC_409cd.dir/build.make CMakeFiles/cmTC_409cd.dir/build
gmake[1]: Entering directory `/home/z5114830/Microelectronics Si (copy)/cmake-build-debug/CMakeFiles/CMakeTmp'
Building C object CMakeFiles/cmTC_409cd.dir/CheckFunctionExists.c.o
/apps/gcc/8.4.0/bin/cc   -DCHECK_FUNCTION_EXISTS=remove   -o CMakeFiles/cmTC_409cd.dir/CheckFunctionExists.c.o   -c /home/z5114830/clion-2020.2.1/bin/cmake/linux/share/cmake-3.17/Modules/CheckFunctionExists.c
Linking C executable cmTC_409cd
/home/z5114830/clion-2020.2.1/bin/cmake/linux/bin/cmake -E cmake_link_script CMakeFiles/cmTC_409cd.dir/link.txt --verbose=1
/apps/gcc/8.4.0/bin/cc  -DCHECK_FUNCTION_EXISTS=remove    CMakeFiles/cmTC_409cd.dir/CheckFunctionExists.c.o  -o cmTC_409cd 
gmake[1]: Leaving directory `/home/z5114830/Microelectronics Si (copy)/cmake-build-debug/CMakeFiles/CMakeTmp'



Determining if the function shmat exists passed with the following output:
Change Dir: /home/z5114830/Microelectronics Si (copy)/cmake-build-debug/CMakeFiles/CMakeTmp

Run Build Command(s):/bin/gmake cmTC_1a007/fast && /bin/gmake  -f CMakeFiles/cmTC_1a007.dir/build.make CMakeFiles/cmTC_1a007.dir/build
gmake[1]: Entering directory `/home/z5114830/Microelectronics Si (copy)/cmake-build-debug/CMakeFiles/CMakeTmp'
Building C object CMakeFiles/cmTC_1a007.dir/CheckFunctionExists.c.o
/apps/gcc/8.4.0/bin/cc   -DCHECK_FUNCTION_EXISTS=shmat   -o CMakeFiles/cmTC_1a007.dir/CheckFunctionExists.c.o   -c /home/z5114830/clion-2020.2.1/bin/cmake/linux/share/cmake-3.17/Modules/CheckFunctionExists.c
Linking C executable cmTC_1a007
/home/z5114830/clion-2020.2.1/bin/cmake/linux/bin/cmake -E cmake_link_script CMakeFiles/cmTC_1a007.dir/link.txt --verbose=1
/apps/gcc/8.4.0/bin/cc  -DCHECK_FUNCTION_EXISTS=shmat    CMakeFiles/cmTC_1a007.dir/CheckFunctionExists.c.o  -o cmTC_1a007 
gmake[1]: Leaving directory `/home/z5114830/Microelectronics Si (copy)/cmake-build-debug/CMakeFiles/CMakeTmp'



Determining if the function IceConnectionNumber exists in the ICE passed with the following output:
Change Dir: /home/z5114830/Microelectronics Si (copy)/cmake-build-debug/CMakeFiles/CMakeTmp

Run Build Command(s):/bin/gmake cmTC_f385e/fast && /bin/gmake  -f CMakeFiles/cmTC_f385e.dir/build.make CMakeFiles/cmTC_f385e.dir/build
gmake[1]: Entering directory `/home/z5114830/Microelectronics Si (copy)/cmake-build-debug/CMakeFiles/CMakeTmp'
Building C object CMakeFiles/cmTC_f385e.dir/CheckFunctionExists.c.o
/apps/gcc/8.4.0/bin/cc   -DCHECK_FUNCTION_EXISTS=IceConnectionNumber   -o CMakeFiles/cmTC_f385e.dir/CheckFunctionExists.c.o   -c /home/z5114830/clion-2020.2.1/bin/cmake/linux/share/cmake-3.17/Modules/CheckFunctionExists.c
Linking C executable cmTC_f385e
/home/z5114830/clion-2020.2.1/bin/cmake/linux/bin/cmake -E cmake_link_script CMakeFiles/cmTC_f385e.dir/link.txt --verbose=1
/apps/gcc/8.4.0/bin/cc  -DCHECK_FUNCTION_EXISTS=IceConnectionNumber    CMakeFiles/cmTC_f385e.dir/CheckFunctionExists.c.o  -o cmTC_f385e  -lICE 
gmake[1]: Leaving directory `/home/z5114830/Microelectronics Si (copy)/cmake-build-debug/CMakeFiles/CMakeTmp'



